{"name":"Ingresar al Link y Verificar Pdf","id":"title-of-your-feature;ingresar-al-link-y-verificar-pdf","testSteps":[{"number":1,"description":"Example: {link\u003dTarifario, pdf\u003dTarifas de Cuentas de Depósitos}","duration":36611,"startTime":"2020-07-13T09:51:10.180-05:00[America/Bogota]","exception":{"errorType":"net.thucydides.core.webdriver.exceptions.ElementShouldBeEnabledException","message":"Expected enabled element was not enabled\nBuild info: version: \u00273.141.59\u0027, revision: \u0027e82be7d358\u0027, time: \u00272018-11-14T08:17:03\u0027\nSystem info: host: \u0027AMAC02VT0D5HV2D\u0027, ip: \u0027fe80:0:0:0:8a4:1e2e:89b8:63f4%en0\u0027, os.name: \u0027Mac OS X\u0027, os.arch: \u0027x86_64\u0027, os.version: \u002710.14.6\u0027, java.version: \u00271.8.0_171\u0027\nDriver info: driver.version: unknown","stackTrace":[{"declaringClass":"com.banistmo.reto.stepdefinitions.TarifarioStepDefinition","methodName":"seleccionoElPdfAAbrir","fileName":"TarifarioStepDefinition.java","lineNumber":49},{"declaringClass":"✽","methodName":"selecciono el pdf a abrir Tarifas de Cuentas de Depósitos","fileName":"src/test/resources/features/ingresar_link.feature","lineNumber":11}]},"result":"FAILURE","precondition":false,"level":0,"children":[{"number":2,"description":"Given el usuario ingresa a la pagina web","duration":13695,"startTime":"2020-07-13T09:51:10.188-05:00[America/Bogota]","screenshots":[{"screenshot":"e4ad6b7f9af6ee06c130e99b69afb7566e4b41befaf52b4e2596a8c699f9b8e9.png","timeStamp":1594651883883}],"result":"SUCCESS","precondition":false,"level":1,"children":[{"number":3,"description":"An actor navigate to the option #option","duration":13260,"startTime":"2020-07-13T09:51:10.619-05:00[America/Bogota]","screenshots":[{"screenshot":"e4ad6b7f9af6ee06c130e99b69afb7566e4b41befaf52b4e2596a8c699f9b8e9.png","timeStamp":1594651883879}],"result":"SUCCESS","precondition":false,"level":2,"children":[{"number":4,"description":"An actor opens the https://www.banistmo.com/wps/portal/banistmo/personas/","duration":13177,"startTime":"2020-07-13T09:51:10.694-05:00[America/Bogota]","screenshots":[{"screenshot":"e4ad6b7f9af6ee06c130e99b69afb7566e4b41befaf52b4e2596a8c699f9b8e9.png","timeStamp":1594651883871}],"result":"SUCCESS","precondition":false,"level":3}]}]},{"number":5,"description":"Given quiero ingresar al link Tarifario","duration":3373,"startTime":"2020-07-13T09:51:23.884-05:00[America/Bogota]","screenshots":[{"screenshot":"0346d42456ad033f4ba15f5c52f7a225d2c6ae9b699cfe7d80c352db2aadb6d8.png","timeStamp":1594651887257}],"result":"SUCCESS","precondition":false,"level":1,"children":[{"number":6,"description":"An actor fromthe drop list","duration":3360,"startTime":"2020-07-13T09:51:23.894-05:00[America/Bogota]","screenshots":[{"screenshot":"0346d42456ad033f4ba15f5c52f7a225d2c6ae9b699cfe7d80c352db2aadb6d8.png","timeStamp":1594651887254}],"result":"SUCCESS","precondition":false,"level":2}]},{"number":7,"description":"When selecciono el pdf a abrir Tarifas de Cuentas de Depósitos","duration":19511,"startTime":"2020-07-13T09:51:27.260-05:00[America/Bogota]","exception":{"errorType":"net.thucydides.core.webdriver.exceptions.ElementShouldBeEnabledException","message":"Expected enabled element was not enabled","stackTrace":[{"declaringClass":"com.banistmo.reto.stepdefinitions.TarifarioStepDefinition","methodName":"seleccionoElPdfAAbrir","fileName":"TarifarioStepDefinition.java","lineNumber":49},{"declaringClass":"cucumber.runner.Runner","methodName":"runPickle","fileName":"Runner.java","lineNumber":80},{"declaringClass":"org.eclipse.jdt.internal.junit4.runner.JUnit4TestReference","methodName":"run","fileName":"JUnit4TestReference.java","lineNumber":86},{"declaringClass":"org.eclipse.jdt.internal.junit.runner.TestExecution","methodName":"run","fileName":"TestExecution.java","lineNumber":38},{"declaringClass":"org.eclipse.jdt.internal.junit.runner.RemoteTestRunner","methodName":"runTests","fileName":"RemoteTestRunner.java","lineNumber":538},{"declaringClass":"org.eclipse.jdt.internal.junit.runner.RemoteTestRunner","methodName":"runTests","fileName":"RemoteTestRunner.java","lineNumber":760},{"declaringClass":"org.eclipse.jdt.internal.junit.runner.RemoteTestRunner","methodName":"run","fileName":"RemoteTestRunner.java","lineNumber":460},{"declaringClass":"org.eclipse.jdt.internal.junit.runner.RemoteTestRunner","methodName":"main","fileName":"RemoteTestRunner.java","lineNumber":206}],"rootCause":{"errorType":"org.openqa.selenium.TimeoutException","message":"Expected condition failed: waiting for By.xpath: td \u003e span \u003e a to be enabled (tried for 15 second(s) with 100 milliseconds interval)","stackTrace":[{"declaringClass":"com.banistmo.reto.stepdefinitions.TarifarioStepDefinition","methodName":"seleccionoElPdfAAbrir","fileName":"TarifarioStepDefinition.java","lineNumber":49},{"declaringClass":"cucumber.runner.Runner","methodName":"runPickle","fileName":"Runner.java","lineNumber":80},{"declaringClass":"org.eclipse.jdt.internal.junit4.runner.JUnit4TestReference","methodName":"run","fileName":"JUnit4TestReference.java","lineNumber":86},{"declaringClass":"org.eclipse.jdt.internal.junit.runner.TestExecution","methodName":"run","fileName":"TestExecution.java","lineNumber":38},{"declaringClass":"org.eclipse.jdt.internal.junit.runner.RemoteTestRunner","methodName":"runTests","fileName":"RemoteTestRunner.java","lineNumber":538},{"declaringClass":"org.eclipse.jdt.internal.junit.runner.RemoteTestRunner","methodName":"runTests","fileName":"RemoteTestRunner.java","lineNumber":760},{"declaringClass":"org.eclipse.jdt.internal.junit.runner.RemoteTestRunner","methodName":"run","fileName":"RemoteTestRunner.java","lineNumber":460},{"declaringClass":"org.eclipse.jdt.internal.junit.runner.RemoteTestRunner","methodName":"main","fileName":"RemoteTestRunner.java","lineNumber":206}],"rootCause":{"errorType":"org.openqa.selenium.InvalidSelectorException","message":"invalid selector: Unable to locate an element with the xpath expression td \u003e span \u003e a because of the following error:\nTypeError: Failed to execute \u0027evaluate\u0027 on \u0027Document\u0027: The result is not a node set, and therefore cannot be converted to the desired type.\n  (Session info: chrome\u003d83.0.4103.116)\n  (Driver info: chromedriver\u003d2.38.552518 (183d19265345f54ce39cbb94cf81ba5f15905011),platform\u003dMac OS X 10.14.6 x86_64) (WARNING: The server did not provide any stacktrace information)\nCommand duration or timeout: 0 milliseconds\nFor documentation on this error, please visit: https://www.seleniumhq.org/exceptions/invalid_selector_exception.html\nBuild info: version: \u00273.141.59\u0027, revision: \u0027e82be7d358\u0027, time: \u00272018-11-14T08:17:03\u0027\nSystem info: host: \u0027AMAC02VT0D5HV2D\u0027, ip: \u0027fe80:0:0:0:8a4:1e2e:89b8:63f4%en0\u0027, os.name: \u0027Mac OS X\u0027, os.arch: \u0027x86_64\u0027, os.version: \u002710.14.6\u0027, java.version: \u00271.8.0_171\u0027\nDriver info: org.openqa.selenium.chrome.ChromeDriver\nCapabilities {acceptInsecureCerts: false, acceptSslCerts: false, applicationCacheEnabled: false, browserConnectionEnabled: false, browserName: chrome, chrome: {chromedriverVersion: 2.38.552518 (183d19265345f5..., userDataDir: /var/folders/v4/scm4lbq5151...}, cssSelectorsEnabled: true, databaseEnabled: false, handlesAlerts: true, hasTouchScreen: false, javascriptEnabled: true, locationContextEnabled: true, mobileEmulationEnabled: false, nativeEvents: true, networkConnectionEnabled: false, pageLoadStrategy: normal, platform: MAC, platformName: MAC, rotatable: false, setWindowRect: true, takesHeapSnapshot: true, takesScreenshot: true, unexpectedAlertBehaviour: , unhandledPromptBehavior: , version: 83.0.4103.116, webStorageEnabled: true}\nSession ID: 1fea87220412be5280ee897863c6c252\n*** Element info: {Using\u003dxpath, value\u003dtd \u003e span \u003e a}","stackTrace":[{"declaringClass":"com.banistmo.reto.stepdefinitions.TarifarioStepDefinition","methodName":"seleccionoElPdfAAbrir","fileName":"TarifarioStepDefinition.java","lineNumber":49},{"declaringClass":"cucumber.runner.Runner","methodName":"runPickle","fileName":"Runner.java","lineNumber":80},{"declaringClass":"org.eclipse.jdt.internal.junit4.runner.JUnit4TestReference","methodName":"run","fileName":"JUnit4TestReference.java","lineNumber":86},{"declaringClass":"org.eclipse.jdt.internal.junit.runner.TestExecution","methodName":"run","fileName":"TestExecution.java","lineNumber":38},{"declaringClass":"org.eclipse.jdt.internal.junit.runner.RemoteTestRunner","methodName":"runTests","fileName":"RemoteTestRunner.java","lineNumber":538},{"declaringClass":"org.eclipse.jdt.internal.junit.runner.RemoteTestRunner","methodName":"runTests","fileName":"RemoteTestRunner.java","lineNumber":760},{"declaringClass":"org.eclipse.jdt.internal.junit.runner.RemoteTestRunner","methodName":"run","fileName":"RemoteTestRunner.java","lineNumber":460},{"declaringClass":"org.eclipse.jdt.internal.junit.runner.RemoteTestRunner","methodName":"main","fileName":"RemoteTestRunner.java","lineNumber":206}]}}},"result":"FAILURE","precondition":false,"level":1,"children":[{"number":8,"description":"An actor clicks on campo CON EL NOMBRE DE LOS PRODUCTOS EN EL CARRO ","duration":15491,"startTime":"2020-07-13T09:51:31.275-05:00[America/Bogota]","screenshots":[{"screenshot":"0346d42456ad033f4ba15f5c52f7a225d2c6ae9b699cfe7d80c352db2aadb6d8.png","htmlSource":"pagesource8609331747058766111.html.txt","timeStamp":1594651906756}],"exception":{"errorType":"net.thucydides.core.webdriver.exceptions.ElementShouldBeEnabledException","message":"Expected enabled element was not enabled","stackTrace":[{"declaringClass":"com.banistmo.reto.stepdefinitions.TarifarioStepDefinition","methodName":"seleccionoElPdfAAbrir","fileName":"TarifarioStepDefinition.java","lineNumber":49},{"declaringClass":"cucumber.runner.Runner","methodName":"runPickle","fileName":"Runner.java","lineNumber":80},{"declaringClass":"org.eclipse.jdt.internal.junit4.runner.JUnit4TestReference","methodName":"run","fileName":"JUnit4TestReference.java","lineNumber":86},{"declaringClass":"org.eclipse.jdt.internal.junit.runner.TestExecution","methodName":"run","fileName":"TestExecution.java","lineNumber":38},{"declaringClass":"org.eclipse.jdt.internal.junit.runner.RemoteTestRunner","methodName":"runTests","fileName":"RemoteTestRunner.java","lineNumber":538},{"declaringClass":"org.eclipse.jdt.internal.junit.runner.RemoteTestRunner","methodName":"runTests","fileName":"RemoteTestRunner.java","lineNumber":760},{"declaringClass":"org.eclipse.jdt.internal.junit.runner.RemoteTestRunner","methodName":"run","fileName":"RemoteTestRunner.java","lineNumber":460},{"declaringClass":"org.eclipse.jdt.internal.junit.runner.RemoteTestRunner","methodName":"main","fileName":"RemoteTestRunner.java","lineNumber":206}],"rootCause":{"errorType":"org.openqa.selenium.TimeoutException","message":"Expected condition failed: waiting for By.xpath: td \u003e span \u003e a to be enabled (tried for 15 second(s) with 100 milliseconds interval)","stackTrace":[{"declaringClass":"com.banistmo.reto.stepdefinitions.TarifarioStepDefinition","methodName":"seleccionoElPdfAAbrir","fileName":"TarifarioStepDefinition.java","lineNumber":49},{"declaringClass":"cucumber.runner.Runner","methodName":"runPickle","fileName":"Runner.java","lineNumber":80},{"declaringClass":"org.eclipse.jdt.internal.junit4.runner.JUnit4TestReference","methodName":"run","fileName":"JUnit4TestReference.java","lineNumber":86},{"declaringClass":"org.eclipse.jdt.internal.junit.runner.TestExecution","methodName":"run","fileName":"TestExecution.java","lineNumber":38},{"declaringClass":"org.eclipse.jdt.internal.junit.runner.RemoteTestRunner","methodName":"runTests","fileName":"RemoteTestRunner.java","lineNumber":538},{"declaringClass":"org.eclipse.jdt.internal.junit.runner.RemoteTestRunner","methodName":"runTests","fileName":"RemoteTestRunner.java","lineNumber":760},{"declaringClass":"org.eclipse.jdt.internal.junit.runner.RemoteTestRunner","methodName":"run","fileName":"RemoteTestRunner.java","lineNumber":460},{"declaringClass":"org.eclipse.jdt.internal.junit.runner.RemoteTestRunner","methodName":"main","fileName":"RemoteTestRunner.java","lineNumber":206}],"rootCause":{"errorType":"org.openqa.selenium.InvalidSelectorException","message":"invalid selector: Unable to locate an element with the xpath expression td \u003e span \u003e a because of the following error:\nTypeError: Failed to execute \u0027evaluate\u0027 on \u0027Document\u0027: The result is not a node set, and therefore cannot be converted to the desired type.\n  (Session info: chrome\u003d83.0.4103.116)\n  (Driver info: chromedriver\u003d2.38.552518 (183d19265345f54ce39cbb94cf81ba5f15905011),platform\u003dMac OS X 10.14.6 x86_64) (WARNING: The server did not provide any stacktrace information)\nCommand duration or timeout: 0 milliseconds\nFor documentation on this error, please visit: https://www.seleniumhq.org/exceptions/invalid_selector_exception.html\nBuild info: version: \u00273.141.59\u0027, revision: \u0027e82be7d358\u0027, time: \u00272018-11-14T08:17:03\u0027\nSystem info: host: \u0027AMAC02VT0D5HV2D\u0027, ip: \u0027fe80:0:0:0:8a4:1e2e:89b8:63f4%en0\u0027, os.name: \u0027Mac OS X\u0027, os.arch: \u0027x86_64\u0027, os.version: \u002710.14.6\u0027, java.version: \u00271.8.0_171\u0027\nDriver info: org.openqa.selenium.chrome.ChromeDriver\nCapabilities {acceptInsecureCerts: false, acceptSslCerts: false, applicationCacheEnabled: false, browserConnectionEnabled: false, browserName: chrome, chrome: {chromedriverVersion: 2.38.552518 (183d19265345f5..., userDataDir: /var/folders/v4/scm4lbq5151...}, cssSelectorsEnabled: true, databaseEnabled: false, handlesAlerts: true, hasTouchScreen: false, javascriptEnabled: true, locationContextEnabled: true, mobileEmulationEnabled: false, nativeEvents: true, networkConnectionEnabled: false, pageLoadStrategy: normal, platform: MAC, platformName: MAC, rotatable: false, setWindowRect: true, takesHeapSnapshot: true, takesScreenshot: true, unexpectedAlertBehaviour: , unhandledPromptBehavior: , version: 83.0.4103.116, webStorageEnabled: true}\nSession ID: 1fea87220412be5280ee897863c6c252\n*** Element info: {Using\u003dxpath, value\u003dtd \u003e span \u003e a}","stackTrace":[{"declaringClass":"com.banistmo.reto.stepdefinitions.TarifarioStepDefinition","methodName":"seleccionoElPdfAAbrir","fileName":"TarifarioStepDefinition.java","lineNumber":49},{"declaringClass":"cucumber.runner.Runner","methodName":"runPickle","fileName":"Runner.java","lineNumber":80},{"declaringClass":"org.eclipse.jdt.internal.junit4.runner.JUnit4TestReference","methodName":"run","fileName":"JUnit4TestReference.java","lineNumber":86},{"declaringClass":"org.eclipse.jdt.internal.junit.runner.TestExecution","methodName":"run","fileName":"TestExecution.java","lineNumber":38},{"declaringClass":"org.eclipse.jdt.internal.junit.runner.RemoteTestRunner","methodName":"runTests","fileName":"RemoteTestRunner.java","lineNumber":538},{"declaringClass":"org.eclipse.jdt.internal.junit.runner.RemoteTestRunner","methodName":"runTests","fileName":"RemoteTestRunner.java","lineNumber":760},{"declaringClass":"org.eclipse.jdt.internal.junit.runner.RemoteTestRunner","methodName":"run","fileName":"RemoteTestRunner.java","lineNumber":460},{"declaringClass":"org.eclipse.jdt.internal.junit.runner.RemoteTestRunner","methodName":"main","fileName":"RemoteTestRunner.java","lineNumber":206}]}}},"result":"FAILURE","precondition":false,"level":2}]},{"number":9,"description":"Then verifica que se abre el pdf","duration":3,"startTime":"2020-07-13T09:51:46.778-05:00[America/Bogota]","result":"SKIPPED","precondition":false,"level":1}]}],"userStory":{"id":"title-of-your-feature","storyName":"Title of your feature","path":"ingresar_link.feature","narrative":"  I want to use this template for my feature file","type":"feature"},"featureTag":{"name":"Title of your feature","type":"feature","displayName":"Title of your feature"},"title":"Ingresar al Link y Verificar Pdf","backgroundTitle":"ejecucion de la aplicacion","backgroundDescription":"","tags":[{"name":"tag1","type":"tag","displayName":"tag1"},{"name":"tag","type":"tag","displayName":"tag"},{"name":"Title of your feature","type":"feature","displayName":"Title of your feature"}],"startTime":"2020-07-13T09:51:10.048-05:00[America/Bogota]","duration":36942,"testFailureCause":{"errorType":"net.thucydides.core.webdriver.exceptions.ElementShouldBeEnabledException","message":"Expected enabled element was not enabled","stackTrace":[{"declaringClass":"com.banistmo.reto.stepdefinitions.TarifarioStepDefinition","methodName":"seleccionoElPdfAAbrir","fileName":"TarifarioStepDefinition.java","lineNumber":49},{"declaringClass":"cucumber.runner.Runner","methodName":"runPickle","fileName":"Runner.java","lineNumber":80},{"declaringClass":"org.eclipse.jdt.internal.junit4.runner.JUnit4TestReference","methodName":"run","fileName":"JUnit4TestReference.java","lineNumber":86},{"declaringClass":"org.eclipse.jdt.internal.junit.runner.TestExecution","methodName":"run","fileName":"TestExecution.java","lineNumber":38},{"declaringClass":"org.eclipse.jdt.internal.junit.runner.RemoteTestRunner","methodName":"runTests","fileName":"RemoteTestRunner.java","lineNumber":538},{"declaringClass":"org.eclipse.jdt.internal.junit.runner.RemoteTestRunner","methodName":"runTests","fileName":"RemoteTestRunner.java","lineNumber":760},{"declaringClass":"org.eclipse.jdt.internal.junit.runner.RemoteTestRunner","methodName":"run","fileName":"RemoteTestRunner.java","lineNumber":460},{"declaringClass":"org.eclipse.jdt.internal.junit.runner.RemoteTestRunner","methodName":"main","fileName":"RemoteTestRunner.java","lineNumber":206}],"rootCause":{"errorType":"org.openqa.selenium.TimeoutException","message":"Expected condition failed: waiting for By.xpath: td \u003e span \u003e a to be enabled (tried for 15 second(s) with 100 milliseconds interval)","stackTrace":[{"declaringClass":"com.banistmo.reto.stepdefinitions.TarifarioStepDefinition","methodName":"seleccionoElPdfAAbrir","fileName":"TarifarioStepDefinition.java","lineNumber":49},{"declaringClass":"cucumber.runner.Runner","methodName":"runPickle","fileName":"Runner.java","lineNumber":80},{"declaringClass":"org.eclipse.jdt.internal.junit4.runner.JUnit4TestReference","methodName":"run","fileName":"JUnit4TestReference.java","lineNumber":86},{"declaringClass":"org.eclipse.jdt.internal.junit.runner.TestExecution","methodName":"run","fileName":"TestExecution.java","lineNumber":38},{"declaringClass":"org.eclipse.jdt.internal.junit.runner.RemoteTestRunner","methodName":"runTests","fileName":"RemoteTestRunner.java","lineNumber":538},{"declaringClass":"org.eclipse.jdt.internal.junit.runner.RemoteTestRunner","methodName":"runTests","fileName":"RemoteTestRunner.java","lineNumber":760},{"declaringClass":"org.eclipse.jdt.internal.junit.runner.RemoteTestRunner","methodName":"run","fileName":"RemoteTestRunner.java","lineNumber":460},{"declaringClass":"org.eclipse.jdt.internal.junit.runner.RemoteTestRunner","methodName":"main","fileName":"RemoteTestRunner.java","lineNumber":206}],"rootCause":{"errorType":"org.openqa.selenium.InvalidSelectorException","message":"invalid selector: Unable to locate an element with the xpath expression td \u003e span \u003e a because of the following error:\nTypeError: Failed to execute \u0027evaluate\u0027 on \u0027Document\u0027: The result is not a node set, and therefore cannot be converted to the desired type.\n  (Session info: chrome\u003d83.0.4103.116)\n  (Driver info: chromedriver\u003d2.38.552518 (183d19265345f54ce39cbb94cf81ba5f15905011),platform\u003dMac OS X 10.14.6 x86_64) (WARNING: The server did not provide any stacktrace information)\nCommand duration or timeout: 0 milliseconds\nFor documentation on this error, please visit: https://www.seleniumhq.org/exceptions/invalid_selector_exception.html\nBuild info: version: \u00273.141.59\u0027, revision: \u0027e82be7d358\u0027, time: \u00272018-11-14T08:17:03\u0027\nSystem info: host: \u0027AMAC02VT0D5HV2D\u0027, ip: \u0027fe80:0:0:0:8a4:1e2e:89b8:63f4%en0\u0027, os.name: \u0027Mac OS X\u0027, os.arch: \u0027x86_64\u0027, os.version: \u002710.14.6\u0027, java.version: \u00271.8.0_171\u0027\nDriver info: org.openqa.selenium.chrome.ChromeDriver\nCapabilities {acceptInsecureCerts: false, acceptSslCerts: false, applicationCacheEnabled: false, browserConnectionEnabled: false, browserName: chrome, chrome: {chromedriverVersion: 2.38.552518 (183d19265345f5..., userDataDir: /var/folders/v4/scm4lbq5151...}, cssSelectorsEnabled: true, databaseEnabled: false, handlesAlerts: true, hasTouchScreen: false, javascriptEnabled: true, locationContextEnabled: true, mobileEmulationEnabled: false, nativeEvents: true, networkConnectionEnabled: false, pageLoadStrategy: normal, platform: MAC, platformName: MAC, rotatable: false, setWindowRect: true, takesHeapSnapshot: true, takesScreenshot: true, unexpectedAlertBehaviour: , unhandledPromptBehavior: , version: 83.0.4103.116, webStorageEnabled: true}\nSession ID: 1fea87220412be5280ee897863c6c252\n*** Element info: {Using\u003dxpath, value\u003dtd \u003e span \u003e a}","stackTrace":[{"declaringClass":"com.banistmo.reto.stepdefinitions.TarifarioStepDefinition","methodName":"seleccionoElPdfAAbrir","fileName":"TarifarioStepDefinition.java","lineNumber":49},{"declaringClass":"cucumber.runner.Runner","methodName":"runPickle","fileName":"Runner.java","lineNumber":80},{"declaringClass":"org.eclipse.jdt.internal.junit4.runner.JUnit4TestReference","methodName":"run","fileName":"JUnit4TestReference.java","lineNumber":86},{"declaringClass":"org.eclipse.jdt.internal.junit.runner.TestExecution","methodName":"run","fileName":"TestExecution.java","lineNumber":38},{"declaringClass":"org.eclipse.jdt.internal.junit.runner.RemoteTestRunner","methodName":"runTests","fileName":"RemoteTestRunner.java","lineNumber":538},{"declaringClass":"org.eclipse.jdt.internal.junit.runner.RemoteTestRunner","methodName":"runTests","fileName":"RemoteTestRunner.java","lineNumber":760},{"declaringClass":"org.eclipse.jdt.internal.junit.runner.RemoteTestRunner","methodName":"run","fileName":"RemoteTestRunner.java","lineNumber":460},{"declaringClass":"org.eclipse.jdt.internal.junit.runner.RemoteTestRunner","methodName":"main","fileName":"RemoteTestRunner.java","lineNumber":206}]}}},"testFailureClassname":"net.thucydides.core.webdriver.exceptions.ElementShouldBeEnabledException","testFailureMessage":"Expected enabled element was not enabled","testFailureSummary":"FAILURE;net.thucydides.core.webdriver.exceptions.ElementShouldBeEnabledException;Expected enabled element was not enabled;TarifarioStepDefinition.java","projectKey":"","annotatedResult":"FAILURE","isManualTestingUpToDate":false,"dataTable":{"headers":["link","pdf"],"rows":[{"values":["Tarifario","Tarifas de Cuentas de Depósitos"],"result":"FAILURE"}],"predefinedRows":true,"scenarioOutline":"Given quiero ingresar al link \u003clink\u003e\n\rWhen selecciono el pdf a abrir \u003cpdf\u003e\n\rThen verifica que se abre el pdf\n\r","dataSetDescriptors":[{"startRow":0,"rowCount":0,"name":""}]},"manual":false,"testSource":"Cucumber","actors":[{"name":"An actor","can":["browse the web"]}],"result":"FAILURE","scenarioOutline":"Given quiero ingresar al link \u003clink\u003e\nWhen selecciono el pdf a abrir \u003cpdf\u003e\nThen verifica que se abre el pdf"}